<?xml version="1.0" encoding="UTF-8"?>
<!-- Generated by org.testng.reporters.JUnitReportReporter -->
<testsuite hostname="AmanSinghal-PC" name="com.qa.tests.myFirstClass2" tests="4" failures="0" timestamp="25 Oct 2017 07:45:18 GMT" time="0.011" errors="0">
  <testcase name="div" time="0.008" classname="com.qa.tests.myFirstClass2"/>
  <testcase name="mul" time="0.001" classname="com.qa.tests.myFirstClass2"/>
  <testcase name="add" time="0.001" classname="com.qa.tests.myFirstClass2"/>
  <testcase name="sub" time="0.001" classname="com.qa.tests.myFirstClass2"/>
</testsuite>
